{"/Volumes/Disco Externo/NoSync/technical-tests/store-checkout/src/components/forms/payment/CVVField.tsx": {"path":"/Volumes/Disco Externo/NoSync/technical-tests/store-checkout/src/components/forms/payment/CVVField.tsx","statementMap":{"0":{"start":{"line":1,"column":0},"end":{"line":1,"column":54}},"1":{"start":{"line":12,"column":16},"end":{"line":12,"column":60}},"2":{"start":{"line":12,"column":35},"end":{"line":12,"column":60}},"3":{"start":{"line":14,"column":17},"end":{"line":50,"column":1}},"4":{"start":{"line":21,"column":36},"end":{"line":21,"column":51}},"5":{"start":{"line":22,"column":23},"end":{"line":22,"column":73}},"6":{"start":{"line":24,"column":2},"end":{"line":49,"column":4}},"7":{"start":{"line":41,"column":23},"end":{"line":41,"column":41}},"8":{"start":{"line":42,"column":22},"end":{"line":42,"column":41}},"9":{"start":{"line":52,"column":0},"end":{"line":52,"column":24}}},"fnMap":{"0":{"name":"(anonymous_0)","decl":{"start":{"line":12,"column":16},"end":{"line":12,"column":17}},"loc":{"start":{"line":12,"column":35},"end":{"line":12,"column":60}}},"1":{"name":"(anonymous_1)","decl":{"start":{"line":14,"column":17},"end":{"line":14,"column":18}},"loc":{"start":{"line":20,"column":20},"end":{"line":50,"column":1}}},"2":{"name":"(anonymous_2)","decl":{"start":{"line":41,"column":17},"end":{"line":41,"column":20}},"loc":{"start":{"line":41,"column":23},"end":{"line":41,"column":41}}},"3":{"name":"(anonymous_3)","decl":{"start":{"line":42,"column":16},"end":{"line":42,"column":19}},"loc":{"start":{"line":42,"column":22},"end":{"line":42,"column":41}}}},"branchMap":{"0":{"loc":{"start":{"line":22,"column":23},"end":{"line":22,"column":73}},"type":"cond-expr","locations":[{"start":{"line":22,"column":35},"end":{"line":22,"column":40}},{"start":{"line":22,"column":43},"end":{"line":22,"column":73}}]},"1":{"loc":{"start":{"line":22,"column":51},"end":{"line":22,"column":72}},"type":"binary-expr","locations":[{"start":{"line":22,"column":51},"end":{"line":22,"column":66}},{"start":{"line":22,"column":70},"end":{"line":22,"column":72}}]},"2":{"loc":{"start":{"line":35,"column":10},"end":{"line":37,"column":null}},"type":"cond-expr","locations":[{"start":{"line":36,"column":14},"end":{"line":36,"column":49}},{"start":{"line":37,"column":14},"end":{"line":37,"column":null}}]},"3":{"loc":{"start":{"line":47,"column":7},"end":{"line":47,"column":69}},"type":"binary-expr","locations":[{"start":{"line":47,"column":7},"end":{"line":47,"column":12}},{"start":{"line":47,"column":16},"end":{"line":47,"column":69}}]}},"s":{"0":1,"1":1,"2":4,"3":1,"4":5,"5":5,"6":5,"7":1,"8":1,"9":1},"f":{"0":4,"1":5,"2":1,"3":1},"b":{"0":[1,4],"1":[4,3],"2":[1,4],"3":[5,1]}}
,"/Volumes/Disco Externo/NoSync/technical-tests/store-checkout/src/components/forms/payment/CardNameField.tsx": {"path":"/Volumes/Disco Externo/NoSync/technical-tests/store-checkout/src/components/forms/payment/CardNameField.tsx","statementMap":{"0":{"start":{"line":12,"column":22},"end":{"line":36,"column":1}},"1":{"start":{"line":17,"column":2},"end":{"line":35,"column":4}},"2":{"start":{"line":38,"column":0},"end":{"line":38,"column":29}}},"fnMap":{"0":{"name":"(anonymous_0)","decl":{"start":{"line":12,"column":22},"end":{"line":12,"column":23}},"loc":{"start":{"line":16,"column":25},"end":{"line":36,"column":1}}}},"branchMap":{"0":{"loc":{"start":{"line":26,"column":89},"end":{"line":28,"column":null}},"type":"cond-expr","locations":[{"start":{"line":27,"column":14},"end":{"line":27,"column":49}},{"start":{"line":28,"column":14},"end":{"line":28,"column":null}}]},"1":{"loc":{"start":{"line":33,"column":7},"end":{"line":33,"column":69}},"type":"binary-expr","locations":[{"start":{"line":33,"column":7},"end":{"line":33,"column":12}},{"start":{"line":33,"column":16},"end":{"line":33,"column":69}}]}},"s":{"0":1,"1":3,"2":1},"f":{"0":3},"b":{"0":[1,2],"1":[3,1]}}
,"/Volumes/Disco Externo/NoSync/technical-tests/store-checkout/src/components/forms/payment/CardNumberField.tsx": {"path":"/Volumes/Disco Externo/NoSync/technical-tests/store-checkout/src/components/forms/payment/CardNumberField.tsx","statementMap":{"0":{"start":{"line":1,"column":0},"end":{"line":1,"column":63}},"1":{"start":{"line":5,"column":0},"end":{"line":5,"column":70}},"2":{"start":{"line":6,"column":0},"end":{"line":6,"column":70}},"3":{"start":{"line":18,"column":23},"end":{"line":20,"column":1}},"4":{"start":{"line":19,"column":2},"end":{"line":19,"column":35}},"5":{"start":{"line":22,"column":24},"end":{"line":82,"column":1}},"6":{"start":{"line":30,"column":36},"end":{"line":30,"column":51}},"7":{"start":{"line":32,"column":19},"end":{"line":32,"column":64}},"8":{"start":{"line":32,"column":33},"end":{"line":32,"column":54}},"9":{"start":{"line":34,"column":23},"end":{"line":40,"column":3}},"10":{"start":{"line":35,"column":14},"end":{"line":35,"column":47}},"11":{"start":{"line":36,"column":20},"end":{"line":36,"column":49}},"12":{"start":{"line":37,"column":4},"end":{"line":37,"column":62}},"13":{"start":{"line":37,"column":32},"end":{"line":37,"column":62}},"14":{"start":{"line":38,"column":22},"end":{"line":38,"column":43}},"15":{"start":{"line":39,"column":4},"end":{"line":39,"column":64}},"16":{"start":{"line":42,"column":20},"end":{"line":42,"column":31}},"17":{"start":{"line":43,"column":23},"end":{"line":43,"column":72}},"18":{"start":{"line":45,"column":2},"end":{"line":81,"column":4}},"19":{"start":{"line":63,"column":25},"end":{"line":63,"column":43}},"20":{"start":{"line":64,"column":24},"end":{"line":64,"column":43}},"21":{"start":{"line":75,"column":28},"end":{"line":75,"column":62}},"22":{"start":{"line":84,"column":0},"end":{"line":84,"column":31}}},"fnMap":{"0":{"name":"(anonymous_1)","decl":{"start":{"line":18,"column":23},"end":{"line":18,"column":24}},"loc":{"start":{"line":18,"column":41},"end":{"line":20,"column":1}}},"1":{"name":"(anonymous_2)","decl":{"start":{"line":22,"column":24},"end":{"line":22,"column":25}},"loc":{"start":{"line":29,"column":27},"end":{"line":82,"column":1}}},"2":{"name":"(anonymous_3)","decl":{"start":{"line":32,"column":27},"end":{"line":32,"column":30}},"loc":{"start":{"line":32,"column":33},"end":{"line":32,"column":54}}},"3":{"name":"(anonymous_4)","decl":{"start":{"line":34,"column":23},"end":{"line":34,"column":24}},"loc":{"start":{"line":34,"column":66},"end":{"line":40,"column":3}}},"4":{"name":"(anonymous_5)","decl":{"start":{"line":63,"column":19},"end":{"line":63,"column":22}},"loc":{"start":{"line":63,"column":25},"end":{"line":63,"column":43}}},"5":{"name":"(anonymous_6)","decl":{"start":{"line":64,"column":18},"end":{"line":64,"column":21}},"loc":{"start":{"line":64,"column":24},"end":{"line":64,"column":43}}},"6":{"name":"(anonymous_7)","decl":{"start":{"line":75,"column":21},"end":{"line":75,"column":22}},"loc":{"start":{"line":75,"column":25},"end":{"line":75,"column":64}}}},"branchMap":{"0":{"loc":{"start":{"line":36,"column":20},"end":{"line":36,"column":49}},"type":"cond-expr","locations":[{"start":{"line":36,"column":42},"end":{"line":36,"column":44}},{"start":{"line":36,"column":47},"end":{"line":36,"column":49}}]},"1":{"loc":{"start":{"line":37,"column":4},"end":{"line":37,"column":62}},"type":"if","locations":[{"start":{"line":37,"column":4},"end":{"line":37,"column":62}}]},"2":{"loc":{"start":{"line":42,"column":20},"end":{"line":42,"column":31}},"type":"binary-expr","locations":[{"start":{"line":42,"column":20},"end":{"line":42,"column":25}},{"start":{"line":42,"column":29},"end":{"line":42,"column":31}}]},"3":{"loc":{"start":{"line":43,"column":23},"end":{"line":43,"column":72}},"type":"cond-expr","locations":[{"start":{"line":43,"column":35},"end":{"line":43,"column":44}},{"start":{"line":43,"column":47},"end":{"line":43,"column":72}}]},"4":{"loc":{"start":{"line":57,"column":12},"end":{"line":59,"column":null}},"type":"cond-expr","locations":[{"start":{"line":58,"column":16},"end":{"line":58,"column":51}},{"start":{"line":59,"column":16},"end":{"line":59,"column":null}}]},"5":{"loc":{"start":{"line":68,"column":9},"end":{"line":76,"column":null}},"type":"binary-expr","locations":[{"start":{"line":68,"column":9},"end":{"line":68,"column":17}},{"start":{"line":69,"column":10},"end":{"line":75,"column":null}}]},"6":{"loc":{"start":{"line":70,"column":17},"end":{"line":70,"column":52}},"type":"binary-expr","locations":[{"start":{"line":70,"column":17},"end":{"line":70,"column":37}},{"start":{"line":70,"column":41},"end":{"line":70,"column":52}}]},"7":{"loc":{"start":{"line":79,"column":7},"end":{"line":79,"column":69}},"type":"binary-expr","locations":[{"start":{"line":79,"column":7},"end":{"line":79,"column":12}},{"start":{"line":79,"column":16},"end":{"line":79,"column":69}}]}},"s":{"0":1,"1":1,"2":1,"3":1,"4":8,"5":1,"6":9,"7":9,"8":8,"9":9,"10":1,"11":1,"12":1,"13":0,"14":1,"15":1,"16":9,"17":9,"18":9,"19":1,"20":1,"21":1,"22":1},"f":{"0":8,"1":9,"2":8,"3":1,"4":1,"5":1,"6":1},"b":{"0":[0,1],"1":[0],"2":[9,4],"3":[1,8],"4":[1,8],"5":[9,4],"6":[4,1],"7":[9,1]}}
,"/Volumes/Disco Externo/NoSync/technical-tests/store-checkout/src/components/forms/payment/ExpiryDateField.tsx": {"path":"/Volumes/Disco Externo/NoSync/technical-tests/store-checkout/src/components/forms/payment/ExpiryDateField.tsx","statementMap":{"0":{"start":{"line":1,"column":0},"end":{"line":1,"column":54}},"1":{"start":{"line":15,"column":19},"end":{"line":15,"column":63}},"2":{"start":{"line":15,"column":38},"end":{"line":15,"column":63}},"3":{"start":{"line":17,"column":24},"end":{"line":62,"column":1}},"4":{"start":{"line":25,"column":36},"end":{"line":25,"column":51}},"5":{"start":{"line":27,"column":23},"end":{"line":32,"column":3}},"6":{"start":{"line":28,"column":14},"end":{"line":28,"column":51}},"7":{"start":{"line":29,"column":4},"end":{"line":29,"column":46}},"8":{"start":{"line":29,"column":24},"end":{"line":29,"column":46}},"9":{"start":{"line":30,"column":22},"end":{"line":30,"column":43}},"10":{"start":{"line":31,"column":4},"end":{"line":31,"column":66}},"11":{"start":{"line":34,"column":20},"end":{"line":34,"column":31}},"12":{"start":{"line":35,"column":23},"end":{"line":35,"column":121}},"13":{"start":{"line":37,"column":2},"end":{"line":61,"column":4}},"14":{"start":{"line":53,"column":23},"end":{"line":53,"column":41}},"15":{"start":{"line":54,"column":22},"end":{"line":54,"column":41}},"16":{"start":{"line":64,"column":0},"end":{"line":64,"column":31}}},"fnMap":{"0":{"name":"(anonymous_0)","decl":{"start":{"line":15,"column":19},"end":{"line":15,"column":20}},"loc":{"start":{"line":15,"column":38},"end":{"line":15,"column":63}}},"1":{"name":"(anonymous_1)","decl":{"start":{"line":17,"column":24},"end":{"line":17,"column":25}},"loc":{"start":{"line":24,"column":27},"end":{"line":62,"column":1}}},"2":{"name":"(anonymous_2)","decl":{"start":{"line":27,"column":23},"end":{"line":27,"column":24}},"loc":{"start":{"line":27,"column":66},"end":{"line":32,"column":3}}},"3":{"name":"(anonymous_3)","decl":{"start":{"line":53,"column":17},"end":{"line":53,"column":20}},"loc":{"start":{"line":53,"column":23},"end":{"line":53,"column":41}}},"4":{"name":"(anonymous_4)","decl":{"start":{"line":54,"column":16},"end":{"line":54,"column":19}},"loc":{"start":{"line":54,"column":22},"end":{"line":54,"column":41}}}},"branchMap":{"0":{"loc":{"start":{"line":29,"column":4},"end":{"line":29,"column":46}},"type":"if","locations":[{"start":{"line":29,"column":4},"end":{"line":29,"column":46}}]},"1":{"loc":{"start":{"line":34,"column":20},"end":{"line":34,"column":31}},"type":"binary-expr","locations":[{"start":{"line":34,"column":20},"end":{"line":34,"column":25}},{"start":{"line":34,"column":29},"end":{"line":34,"column":31}}]},"2":{"loc":{"start":{"line":35,"column":23},"end":{"line":35,"column":121}},"type":"cond-expr","locations":[{"start":{"line":35,"column":35},"end":{"line":35,"column":97}},{"start":{"line":35,"column":100},"end":{"line":35,"column":121}}]},"3":{"loc":{"start":{"line":47,"column":89},"end":{"line":49,"column":null}},"type":"cond-expr","locations":[{"start":{"line":48,"column":14},"end":{"line":48,"column":49}},{"start":{"line":49,"column":14},"end":{"line":49,"column":null}}]},"4":{"loc":{"start":{"line":59,"column":7},"end":{"line":59,"column":69}},"type":"binary-expr","locations":[{"start":{"line":59,"column":7},"end":{"line":59,"column":12}},{"start":{"line":59,"column":16},"end":{"line":59,"column":69}}]}},"s":{"0":1,"1":1,"2":5,"3":1,"4":7,"5":7,"6":1,"7":1,"8":0,"9":1,"10":1,"11":7,"12":7,"13":7,"14":2,"15":1,"16":1},"f":{"0":5,"1":7,"2":1,"3":2,"4":1},"b":{"0":[0],"1":[7,4],"2":[2,5],"3":[1,6],"4":[7,1]}}
,"/Volumes/Disco Externo/NoSync/technical-tests/store-checkout/src/constants/payment.constants.ts": {"path":"/Volumes/Disco Externo/NoSync/technical-tests/store-checkout/src/constants/payment.constants.ts","statementMap":{"0":{"start":{"line":1,"column":13},"end":{"line":1,"column":37}},"1":{"start":{"line":2,"column":13},"end":{"line":2,"column":42}},"2":{"start":{"line":3,"column":13},"end":{"line":3,"column":28}},"3":{"start":{"line":4,"column":13},"end":{"line":4,"column":42}},"4":{"start":{"line":6,"column":13},"end":{"line":10,"column":11}},"5":{"start":{"line":12,"column":13},"end":{"line":22,"column":11}}},"fnMap":{},"branchMap":{},"s":{"0":1,"1":1,"2":1,"3":1,"4":1,"5":1},"f":{},"b":{}}
,"/Volumes/Disco Externo/NoSync/technical-tests/store-checkout/src/features/payment/paymentSlice.ts": {"path":"/Volumes/Disco Externo/NoSync/technical-tests/store-checkout/src/features/payment/paymentSlice.ts","statementMap":{"0":{"start":{"line":1,"column":0},"end":{"line":1,"column":62}},"1":{"start":{"line":7,"column":35},"end":{"line":9,"column":2}},"2":{"start":{"line":11,"column":21},"end":{"line":22,"column":2}},"3":{"start":{"line":16,"column":6},"end":{"line":16,"column":34}},"4":{"start":{"line":19,"column":6},"end":{"line":19,"column":22}},"5":{"start":{"line":24,"column":13},"end":{"line":24,"column":52}},"6":{"start":{"line":25,"column":0},"end":{"line":25,"column":36}}},"fnMap":{"0":{"name":"(anonymous_0)","decl":{"start":{"line":15,"column":4},"end":{"line":15,"column":18}},"loc":{"start":{"line":15,"column":68},"end":{"line":17,"column":5}}},"1":{"name":"(anonymous_1)","decl":{"start":{"line":18,"column":4},"end":{"line":18,"column":20}},"loc":{"start":{"line":18,"column":26},"end":{"line":20,"column":5}}}},"branchMap":{},"s":{"0":1,"1":1,"2":1,"3":2,"4":1,"5":1,"6":1},"f":{"0":2,"1":1},"b":{}}
,"/Volumes/Disco Externo/NoSync/technical-tests/store-checkout/src/features/product/productSlice.ts": {"path":"/Volumes/Disco Externo/NoSync/technical-tests/store-checkout/src/features/product/productSlice.ts","statementMap":{"0":{"start":{"line":1,"column":0},"end":{"line":1,"column":62}},"1":{"start":{"line":11,"column":35},"end":{"line":15,"column":2}},"2":{"start":{"line":17,"column":13},"end":{"line":50,"column":3}},"3":{"start":{"line":22,"column":6},"end":{"line":22,"column":42}},"4":{"start":{"line":25,"column":22},"end":{"line":25,"column":74}},"5":{"start":{"line":25,"column":47},"end":{"line":25,"column":73}},"6":{"start":{"line":26,"column":6},"end":{"line":28,"column":7}},"7":{"start":{"line":27,"column":8},"end":{"line":27,"column":48}},"8":{"start":{"line":31,"column":6},"end":{"line":31,"column":87}},"9":{"start":{"line":31,"column":56},"end":{"line":31,"column":85}},"10":{"start":{"line":34,"column":6},"end":{"line":34,"column":38}},"11":{"start":{"line":37,"column":6},"end":{"line":37,"column":36}},"12":{"start":{"line":40,"column":6},"end":{"line":40,"column":35}},"13":{"start":{"line":43,"column":38},"end":{"line":43,"column":52}},"14":{"start":{"line":44,"column":22},"end":{"line":44,"column":66}},"15":{"start":{"line":44,"column":47},"end":{"line":44,"column":65}},"16":{"start":{"line":45,"column":6},"end":{"line":47,"column":7}},"17":{"start":{"line":46,"column":8},"end":{"line":46,"column":62}},"18":{"start":{"line":52,"column":13},"end":{"line":52,"column":105}},"19":{"start":{"line":54,"column":0},"end":{"line":54,"column":36}}},"fnMap":{"0":{"name":"(anonymous_0)","decl":{"start":{"line":21,"column":16},"end":{"line":21,"column":17}},"loc":{"start":{"line":21,"column":58},"end":{"line":23,"column":5}}},"1":{"name":"(anonymous_1)","decl":{"start":{"line":24,"column":17},"end":{"line":24,"column":18}},"loc":{"start":{"line":24,"column":84},"end":{"line":29,"column":5}}},"2":{"name":"(anonymous_2)","decl":{"start":{"line":25,"column":42},"end":{"line":25,"column":43}},"loc":{"start":{"line":25,"column":47},"end":{"line":25,"column":73}}},"3":{"name":"(anonymous_3)","decl":{"start":{"line":30,"column":19},"end":{"line":30,"column":20}},"loc":{"start":{"line":30,"column":60},"end":{"line":32,"column":5}}},"4":{"name":"(anonymous_4)","decl":{"start":{"line":31,"column":45},"end":{"line":31,"column":52}},"loc":{"start":{"line":31,"column":56},"end":{"line":31,"column":85}}},"5":{"name":"(anonymous_5)","decl":{"start":{"line":33,"column":17},"end":{"line":33,"column":18}},"loc":{"start":{"line":33,"column":61},"end":{"line":35,"column":5}}},"6":{"name":"(anonymous_6)","decl":{"start":{"line":36,"column":15},"end":{"line":36,"column":16}},"loc":{"start":{"line":36,"column":79},"end":{"line":38,"column":5}}},"7":{"name":"(anonymous_7)","decl":{"start":{"line":39,"column":14},"end":{"line":39,"column":15}},"loc":{"start":{"line":39,"column":62},"end":{"line":41,"column":5}}},"8":{"name":"(anonymous_8)","decl":{"start":{"line":42,"column":17},"end":{"line":42,"column":18}},"loc":{"start":{"line":42,"column":91},"end":{"line":48,"column":5}}},"9":{"name":"(anonymous_9)","decl":{"start":{"line":44,"column":42},"end":{"line":44,"column":43}},"loc":{"start":{"line":44,"column":47},"end":{"line":44,"column":65}}}},"branchMap":{"0":{"loc":{"start":{"line":26,"column":6},"end":{"line":28,"column":7}},"type":"if","locations":[{"start":{"line":26,"column":6},"end":{"line":28,"column":7}}]},"1":{"loc":{"start":{"line":45,"column":6},"end":{"line":47,"column":7}},"type":"if","locations":[{"start":{"line":45,"column":6},"end":{"line":47,"column":7}}]}},"s":{"0":1,"1":1,"2":1,"3":1,"4":2,"5":2,"6":2,"7":1,"8":1,"9":1,"10":1,"11":1,"12":1,"13":2,"14":2,"15":2,"16":2,"17":2,"18":1,"19":1},"f":{"0":1,"1":2,"2":2,"3":1,"4":1,"5":1,"6":1,"7":1,"8":2,"9":2},"b":{"0":[1],"1":[2]}}
,"/Volumes/Disco Externo/NoSync/technical-tests/store-checkout/src/features/transaction/transactionSlice.ts": {"path":"/Volumes/Disco Externo/NoSync/technical-tests/store-checkout/src/features/transaction/transactionSlice.ts","statementMap":{"0":{"start":{"line":1,"column":0},"end":{"line":1,"column":61}},"1":{"start":{"line":22,"column":39},"end":{"line":29,"column":null}},"2":{"start":{"line":31,"column":13},"end":{"line":74,"column":null}},"3":{"start":{"line":36,"column":42},"end":{"line":41,"column":null}},"4":{"start":{"line":42,"column":6},"end":{"line":42,"column":null}},"5":{"start":{"line":43,"column":6},"end":{"line":43,"column":null}},"6":{"start":{"line":46,"column":26},"end":{"line":46,"column":82}},"7":{"start":{"line":46,"column":55},"end":{"line":46,"column":81}},"8":{"start":{"line":47,"column":6},"end":{"line":50,"column":7}},"9":{"start":{"line":48,"column":8},"end":{"line":48,"column":null}},"10":{"start":{"line":49,"column":8},"end":{"line":49,"column":null}},"11":{"start":{"line":53,"column":6},"end":{"line":53,"column":null}},"12":{"start":{"line":53,"column":62},"end":{"line":53,"column":85}},"13":{"start":{"line":56,"column":6},"end":{"line":56,"column":null}},"14":{"start":{"line":59,"column":6},"end":{"line":59,"column":null}},"15":{"start":{"line":62,"column":6},"end":{"line":62,"column":null}},"16":{"start":{"line":65,"column":6},"end":{"line":65,"column":null}},"17":{"start":{"line":68,"column":6},"end":{"line":68,"column":null}},"18":{"start":{"line":71,"column":6},"end":{"line":71,"column":null}},"19":{"start":{"line":76,"column":13},"end":{"line":85,"column":null}},"20":{"start":{"line":88,"column":0},"end":{"line":88,"column":null}}},"fnMap":{"0":{"name":"(anonymous_0)","decl":{"start":{"line":35,"column":23},"end":{"line":35,"column":24}},"loc":{"start":{"line":35,"column":109},"end":{"line":44,"column":5}}},"1":{"name":"(anonymous_1)","decl":{"start":{"line":45,"column":29},"end":{"line":45,"column":30}},"loc":{"start":{"line":45,"column":109},"end":{"line":51,"column":5}}},"2":{"name":"(anonymous_2)","decl":{"start":{"line":46,"column":50},"end":{"line":46,"column":51}},"loc":{"start":{"line":46,"column":55},"end":{"line":46,"column":81}}},"3":{"name":"(anonymous_3)","decl":{"start":{"line":52,"column":27},"end":{"line":52,"column":28}},"loc":{"start":{"line":52,"column":68},"end":{"line":54,"column":5}}},"4":{"name":"(anonymous_4)","decl":{"start":{"line":53,"column":57},"end":{"line":53,"column":58}},"loc":{"start":{"line":53,"column":62},"end":{"line":53,"column":85}}},"5":{"name":"(anonymous_5)","decl":{"start":{"line":55,"column":29},"end":{"line":55,"column":30}},"loc":{"start":{"line":55,"column":39},"end":{"line":57,"column":5}}},"6":{"name":"(anonymous_6)","decl":{"start":{"line":58,"column":21},"end":{"line":58,"column":22}},"loc":{"start":{"line":58,"column":69},"end":{"line":60,"column":5}}},"7":{"name":"(anonymous_7)","decl":{"start":{"line":61,"column":15},"end":{"line":61,"column":16}},"loc":{"start":{"line":61,"column":79},"end":{"line":63,"column":5}}},"8":{"name":"(anonymous_8)","decl":{"start":{"line":64,"column":14},"end":{"line":64,"column":15}},"loc":{"start":{"line":64,"column":62},"end":{"line":66,"column":5}}},"9":{"name":"(anonymous_9)","decl":{"start":{"line":67,"column":20},"end":{"line":67,"column":21}},"loc":{"start":{"line":67,"column":87},"end":{"line":69,"column":5}}},"10":{"name":"(anonymous_10)","decl":{"start":{"line":70,"column":19},"end":{"line":70,"column":20}},"loc":{"start":{"line":70,"column":61},"end":{"line":72,"column":5}}}},"branchMap":{"0":{"loc":{"start":{"line":47,"column":6},"end":{"line":50,"column":7}},"type":"if","locations":[{"start":{"line":47,"column":6},"end":{"line":50,"column":7}}]},"1":{"loc":{"start":{"line":53,"column":33},"end":{"line":53,"column":94}},"type":"binary-expr","locations":[{"start":{"line":53,"column":33},"end":{"line":53,"column":86}},{"start":{"line":53,"column":90},"end":{"line":53,"column":94}}]}},"s":{"0":3,"1":3,"2":3,"3":1,"4":1,"5":1,"6":1,"7":1,"8":1,"9":1,"10":1,"11":2,"12":2,"13":1,"14":1,"15":1,"16":1,"17":1,"18":1,"19":3,"20":3},"f":{"0":1,"1":1,"2":1,"3":2,"4":2,"5":1,"6":1,"7":1,"8":1,"9":1,"10":1},"b":{"0":[1],"1":[2,1]}}
,"/Volumes/Disco Externo/NoSync/technical-tests/store-checkout/src/hooks/useBackdropFlow.ts": {"path":"/Volumes/Disco Externo/NoSync/technical-tests/store-checkout/src/hooks/useBackdropFlow.ts","statementMap":{"0":{"start":{"line":9,"column":0},"end":{"line":9,"column":16}},"1":{"start":{"line":1,"column":0},"end":{"line":1,"column":52}},"2":{"start":{"line":3,"column":0},"end":{"line":3,"column":55}},"3":{"start":{"line":7,"column":0},"end":{"line":7,"column":74}},"4":{"start":{"line":10,"column":19},"end":{"line":10,"column":32}},"5":{"start":{"line":11,"column":22},"end":{"line":11,"column":86}},"6":{"start":{"line":11,"column":56},"end":{"line":11,"column":85}},"7":{"start":{"line":12,"column":48},"end":{"line":12,"column":93}},"8":{"start":{"line":13,"column":46},"end":{"line":13,"column":61}},"9":{"start":{"line":14,"column":46},"end":{"line":14,"column":90}},"10":{"start":{"line":15,"column":48},"end":{"line":15,"column":78}},"11":{"start":{"line":16,"column":38},"end":{"line":16,"column":49}},"12":{"start":{"line":17,"column":36},"end":{"line":17,"column":66}},"13":{"start":{"line":19,"column":2},"end":{"line":32,"column":48}},"14":{"start":{"line":20,"column":4},"end":{"line":31,"column":5}},"15":{"start":{"line":21,"column":6},"end":{"line":21,"column":35}},"16":{"start":{"line":22,"column":6},"end":{"line":22,"column":30}},"17":{"start":{"line":23,"column":6},"end":{"line":23,"column":59}},"18":{"start":{"line":23,"column":23},"end":{"line":23,"column":53}},"19":{"start":{"line":24,"column":11},"end":{"line":31,"column":5}},"20":{"start":{"line":25,"column":6},"end":{"line":25,"column":35}},"21":{"start":{"line":26,"column":6},"end":{"line":26,"column":30}},"22":{"start":{"line":27,"column":6},"end":{"line":27,"column":59}},"23":{"start":{"line":27,"column":23},"end":{"line":27,"column":53}},"24":{"start":{"line":29,"column":6},"end":{"line":29,"column":37}},"25":{"start":{"line":30,"column":6},"end":{"line":30,"column":54}},"26":{"start":{"line":30,"column":23},"end":{"line":30,"column":47}},"27":{"start":{"line":34,"column":29},"end":{"line":45,"column":3}},"28":{"start":{"line":35,"column":4},"end":{"line":35,"column":32}},"29":{"start":{"line":35,"column":25},"end":{"line":35,"column":30}},"30":{"start":{"line":36,"column":4},"end":{"line":36,"column":29}},"31":{"start":{"line":37,"column":4},"end":{"line":37,"column":28}},"32":{"start":{"line":38,"column":4},"end":{"line":38,"column":29}},"33":{"start":{"line":39,"column":4},"end":{"line":39,"column":26}},"34":{"start":{"line":40,"column":4},"end":{"line":44,"column":11}},"35":{"start":{"line":41,"column":6},"end":{"line":41,"column":34}},"36":{"start":{"line":42,"column":6},"end":{"line":42,"column":25}},"37":{"start":{"line":43,"column":6},"end":{"line":43,"column":42}},"38":{"start":{"line":47,"column":29},"end":{"line":50,"column":3}},"39":{"start":{"line":48,"column":4},"end":{"line":48,"column":35}},"40":{"start":{"line":49,"column":4},"end":{"line":49,"column":32}},"41":{"start":{"line":49,"column":25},"end":{"line":49,"column":30}},"42":{"start":{"line":51,"column":24},"end":{"line":53,"column":3}},"43":{"start":{"line":52,"column":4},"end":{"line":52,"column":35}},"44":{"start":{"line":54,"column":23},"end":{"line":54,"column":59}},"45":{"start":{"line":54,"column":29},"end":{"line":54,"column":59}},"46":{"start":{"line":55,"column":23},"end":{"line":55,"column":59}},"47":{"start":{"line":55,"column":29},"end":{"line":55,"column":59}},"48":{"start":{"line":57,"column":20},"end":{"line":63,"column":3}},"49":{"start":{"line":58,"column":4},"end":{"line":58,"column":29}},"50":{"start":{"line":59,"column":4},"end":{"line":59,"column":28}},"51":{"start":{"line":60,"column":4},"end":{"line":60,"column":29}},"52":{"start":{"line":61,"column":4},"end":{"line":61,"column":35}},"53":{"start":{"line":62,"column":4},"end":{"line":62,"column":32}},"54":{"start":{"line":62,"column":25},"end":{"line":62,"column":30}},"55":{"start":{"line":65,"column":2},"end":{"line":79,"column":4}}},"fnMap":{"0":{"name":"useBackdropFlow","decl":{"start":{"line":9,"column":16},"end":{"line":9,"column":31}},"loc":{"start":{"line":9,"column":31},"end":{"line":80,"column":1}}},"1":{"name":"(anonymous_1)","decl":{"start":{"line":11,"column":34},"end":{"line":11,"column":35}},"loc":{"start":{"line":11,"column":56},"end":{"line":11,"column":85}}},"2":{"name":"(anonymous_2)","decl":{"start":{"line":19,"column":12},"end":{"line":19,"column":15}},"loc":{"start":{"line":19,"column":17},"end":{"line":32,"column":3}}},"3":{"name":"(anonymous_3)","decl":{"start":{"line":23,"column":17},"end":{"line":23,"column":20}},"loc":{"start":{"line":23,"column":23},"end":{"line":23,"column":53}}},"4":{"name":"(anonymous_4)","decl":{"start":{"line":27,"column":17},"end":{"line":27,"column":20}},"loc":{"start":{"line":27,"column":23},"end":{"line":27,"column":53}}},"5":{"name":"(anonymous_5)","decl":{"start":{"line":30,"column":17},"end":{"line":30,"column":20}},"loc":{"start":{"line":30,"column":23},"end":{"line":30,"column":47}}},"6":{"name":"(anonymous_6)","decl":{"start":{"line":34,"column":29},"end":{"line":34,"column":30}},"loc":{"start":{"line":34,"column":50},"end":{"line":45,"column":3}}},"7":{"name":"(anonymous_7)","decl":{"start":{"line":35,"column":18},"end":{"line":35,"column":19}},"loc":{"start":{"line":35,"column":25},"end":{"line":35,"column":30}}},"8":{"name":"(anonymous_8)","decl":{"start":{"line":40,"column":15},"end":{"line":40,"column":18}},"loc":{"start":{"line":40,"column":20},"end":{"line":44,"column":5}}},"9":{"name":"(anonymous_9)","decl":{"start":{"line":47,"column":29},"end":{"line":47,"column":32}},"loc":{"start":{"line":47,"column":34},"end":{"line":50,"column":3}}},"10":{"name":"(anonymous_10)","decl":{"start":{"line":49,"column":18},"end":{"line":49,"column":19}},"loc":{"start":{"line":49,"column":25},"end":{"line":49,"column":30}}},"11":{"name":"(anonymous_11)","decl":{"start":{"line":51,"column":24},"end":{"line":51,"column":27}},"loc":{"start":{"line":51,"column":29},"end":{"line":53,"column":3}}},"12":{"name":"(anonymous_12)","decl":{"start":{"line":54,"column":23},"end":{"line":54,"column":26}},"loc":{"start":{"line":54,"column":29},"end":{"line":54,"column":59}}},"13":{"name":"(anonymous_13)","decl":{"start":{"line":55,"column":23},"end":{"line":55,"column":26}},"loc":{"start":{"line":55,"column":29},"end":{"line":55,"column":59}}},"14":{"name":"(anonymous_14)","decl":{"start":{"line":57,"column":20},"end":{"line":57,"column":23}},"loc":{"start":{"line":57,"column":25},"end":{"line":63,"column":3}}},"15":{"name":"(anonymous_15)","decl":{"start":{"line":62,"column":18},"end":{"line":62,"column":19}},"loc":{"start":{"line":62,"column":25},"end":{"line":62,"column":30}}}},"branchMap":{"0":{"loc":{"start":{"line":20,"column":4},"end":{"line":31,"column":5}},"type":"if","locations":[{"start":{"line":20,"column":4},"end":{"line":31,"column":5}},{"start":{"line":24,"column":11},"end":{"line":31,"column":5}}]},"1":{"loc":{"start":{"line":20,"column":8},"end":{"line":20,"column":79}},"type":"binary-expr","locations":[{"start":{"line":20,"column":9},"end":{"line":20,"column":34}},{"start":{"line":20,"column":38},"end":{"line":20,"column":53}},{"start":{"line":20,"column":58},"end":{"line":20,"column":79}}]},"2":{"loc":{"start":{"line":24,"column":11},"end":{"line":31,"column":5}},"type":"if","locations":[{"start":{"line":24,"column":11},"end":{"line":31,"column":5}},{"start":{"line":28,"column":11},"end":{"line":31,"column":5}}]}},"s":{"0":1,"1":1,"2":1,"3":1,"4":25,"5":25,"6":0,"7":25,"8":25,"9":25,"10":25,"11":25,"12":25,"13":25,"14":10,"15":2,"16":2,"17":2,"18":1,"19":8,"20":1,"21":1,"22":1,"23":0,"24":7,"25":7,"26":0,"27":25,"28":1,"29":1,"30":1,"31":1,"32":1,"33":1,"34":1,"35":1,"36":1,"37":1,"38":25,"39":1,"40":1,"41":1,"42":25,"43":1,"44":25,"45":1,"46":25,"47":1,"48":25,"49":1,"50":1,"51":1,"52":1,"53":1,"54":1,"55":25},"f":{"0":25,"1":0,"2":10,"3":1,"4":0,"5":0,"6":1,"7":1,"8":1,"9":1,"10":1,"11":1,"12":1,"13":1,"14":1,"15":1},"b":{"0":[2,8],"1":[10,9,9],"2":[1,7]}}
,"/Volumes/Disco Externo/NoSync/technical-tests/store-checkout/src/hooks/useBackdropTransition.ts": {"path":"/Volumes/Disco Externo/NoSync/technical-tests/store-checkout/src/hooks/useBackdropTransition.ts","statementMap":{"0":{"start":{"line":11,"column":0},"end":{"line":11,"column":16}},"1":{"start":{"line":1,"column":0},"end":{"line":1,"column":44}},"2":{"start":{"line":2,"column":0},"end":{"line":2,"column":42}},"3":{"start":{"line":3,"column":0},"end":{"line":3,"column":74}},"4":{"start":{"line":12,"column":19},"end":{"line":12,"column":32}},"5":{"start":{"line":13,"column":40},"end":{"line":13,"column":67}},"6":{"start":{"line":15,"column":2},"end":{"line":23,"column":30}},"7":{"start":{"line":16,"column":4},"end":{"line":22,"column":5}},"8":{"start":{"line":17,"column":22},"end":{"line":20,"column":13}},"9":{"start":{"line":18,"column":8},"end":{"line":18,"column":46}},"10":{"start":{"line":19,"column":8},"end":{"line":19,"column":29}},"11":{"start":{"line":21,"column":6},"end":{"line":21,"column":41}},"12":{"start":{"line":21,"column":19},"end":{"line":21,"column":40}},"13":{"start":{"line":25,"column":31},"end":{"line":28,"column":3}},"14":{"start":{"line":26,"column":4},"end":{"line":26,"column":35}},"15":{"start":{"line":27,"column":4},"end":{"line":27,"column":30}},"16":{"start":{"line":30,"column":31},"end":{"line":33,"column":3}},"17":{"start":{"line":31,"column":4},"end":{"line":31,"column":35}},"18":{"start":{"line":32,"column":4},"end":{"line":32,"column":29}},"19":{"start":{"line":35,"column":29},"end":{"line":38,"column":3}},"20":{"start":{"line":36,"column":4},"end":{"line":36,"column":35}},"21":{"start":{"line":37,"column":4},"end":{"line":37,"column":30}},"22":{"start":{"line":40,"column":2},"end":{"line":44,"column":4}}},"fnMap":{"0":{"name":"useBackdropTransition","decl":{"start":{"line":11,"column":16},"end":{"line":11,"column":37}},"loc":{"start":{"line":11,"column":88},"end":{"line":45,"column":1}}},"1":{"name":"(anonymous_1)","decl":{"start":{"line":15,"column":12},"end":{"line":15,"column":15}},"loc":{"start":{"line":15,"column":17},"end":{"line":23,"column":3}}},"2":{"name":"(anonymous_2)","decl":{"start":{"line":17,"column":33},"end":{"line":17,"column":36}},"loc":{"start":{"line":17,"column":38},"end":{"line":20,"column":7}}},"3":{"name":"(anonymous_3)","decl":{"start":{"line":21,"column":13},"end":{"line":21,"column":16}},"loc":{"start":{"line":21,"column":19},"end":{"line":21,"column":40}}},"4":{"name":"(anonymous_4)","decl":{"start":{"line":25,"column":31},"end":{"line":25,"column":34}},"loc":{"start":{"line":25,"column":36},"end":{"line":28,"column":3}}},"5":{"name":"(anonymous_5)","decl":{"start":{"line":30,"column":31},"end":{"line":30,"column":34}},"loc":{"start":{"line":30,"column":36},"end":{"line":33,"column":3}}},"6":{"name":"(anonymous_6)","decl":{"start":{"line":35,"column":29},"end":{"line":35,"column":32}},"loc":{"start":{"line":35,"column":34},"end":{"line":38,"column":3}}}},"branchMap":{"0":{"loc":{"start":{"line":16,"column":4},"end":{"line":22,"column":5}},"type":"if","locations":[{"start":{"line":16,"column":4},"end":{"line":22,"column":5}}]}},"s":{"0":1,"1":1,"2":1,"3":1,"4":9,"5":9,"6":9,"7":9,"8":3,"9":3,"10":3,"11":3,"12":3,"13":9,"14":1,"15":1,"16":9,"17":1,"18":1,"19":9,"20":1,"21":1,"22":9},"f":{"0":9,"1":9,"2":3,"3":3,"4":1,"5":1,"6":1},"b":{"0":[3]}}
,"/Volumes/Disco Externo/NoSync/technical-tests/store-checkout/src/hooks/usePaymentForm.ts": {"path":"/Volumes/Disco Externo/NoSync/technical-tests/store-checkout/src/hooks/usePaymentForm.ts","statementMap":{"0":{"start":{"line":1,"column":0},"end":{"line":1,"column":42}},"1":{"start":{"line":2,"column":0},"end":{"line":2,"column":54}},"2":{"start":{"line":3,"column":0},"end":{"line":3,"column":80}},"3":{"start":{"line":5,"column":40},"end":{"line":15,"column":2}},"4":{"start":{"line":17,"column":30},"end":{"line":67,"column":1}},"5":{"start":{"line":25,"column":6},"end":{"line":29,"column":4}},"6":{"start":{"line":31,"column":27},"end":{"line":46,"column":3}},"7":{"start":{"line":32,"column":14},"end":{"line":32,"column":63}},"8":{"start":{"line":33,"column":20},"end":{"line":33,"column":40}},"9":{"start":{"line":34,"column":18},"end":{"line":34,"column":47}},"10":{"start":{"line":35,"column":18},"end":{"line":35,"column":20}},"11":{"start":{"line":37,"column":4},"end":{"line":39,"column":5}},"12":{"start":{"line":37,"column":17},"end":{"line":37,"column":18}},"13":{"start":{"line":37,"column":26},"end":{"line":37,"column":38}},"14":{"start":{"line":38,"column":6},"end":{"line":38,"column":44}},"15":{"start":{"line":41,"column":4},"end":{"line":45,"column":5}},"16":{"start":{"line":42,"column":6},"end":{"line":42,"column":29}},"17":{"start":{"line":44,"column":6},"end":{"line":44,"column":19}},"18":{"start":{"line":48,"column":27},"end":{"line":54,"column":3}},"19":{"start":{"line":49,"column":14},"end":{"line":49,"column":63}},"20":{"start":{"line":50,"column":4},"end":{"line":52,"column":5}},"21":{"start":{"line":51,"column":6},"end":{"line":51,"column":57}},"22":{"start":{"line":53,"column":4},"end":{"line":53,"column":13}},"23":{"start":{"line":56,"column":2},"end":{"line":66,"column":4}},"24":{"start":{"line":17,"column":13},"end":{"line":17,"column":30}}},"fnMap":{"0":{"name":"(anonymous_0)","decl":{"start":{"line":17,"column":30},"end":{"line":17,"column":31}},"loc":{"start":{"line":17,"column":75},"end":{"line":67,"column":1}}},"1":{"name":"(anonymous_1)","decl":{"start":{"line":31,"column":27},"end":{"line":31,"column":28}},"loc":{"start":{"line":31,"column":45},"end":{"line":46,"column":3}}},"2":{"name":"(anonymous_2)","decl":{"start":{"line":48,"column":27},"end":{"line":48,"column":28}},"loc":{"start":{"line":48,"column":45},"end":{"line":54,"column":3}}}},"branchMap":{"0":{"loc":{"start":{"line":34,"column":18},"end":{"line":34,"column":47}},"type":"binary-expr","locations":[{"start":{"line":34,"column":19},"end":{"line":34,"column":26}},{"start":{"line":34,"column":30},"end":{"line":34,"column":40}},{"start":{"line":34,"column":45},"end":{"line":34,"column":47}}]},"1":{"loc":{"start":{"line":41,"column":4},"end":{"line":45,"column":5}},"type":"if","locations":[{"start":{"line":41,"column":4},"end":{"line":45,"column":5}},{"start":{"line":43,"column":11},"end":{"line":45,"column":5}}]},"2":{"loc":{"start":{"line":50,"column":4},"end":{"line":52,"column":5}},"type":"if","locations":[{"start":{"line":50,"column":4},"end":{"line":52,"column":5}}]}},"s":{"0":1,"1":1,"2":1,"3":1,"4":1,"5":38,"6":38,"7":7,"8":7,"9":7,"10":7,"11":7,"12":7,"13":7,"14":12,"15":7,"16":4,"17":3,"18":38,"19":7,"20":7,"21":4,"22":3,"23":38,"24":1},"f":{"0":38,"1":7,"2":7},"b":{"0":[7,4,3],"1":[4,3],"2":[4]}}
,"/Volumes/Disco Externo/NoSync/technical-tests/store-checkout/src/hooks/usePersistedState.ts": {"path":"/Volumes/Disco Externo/NoSync/technical-tests/store-checkout/src/hooks/usePersistedState.ts","statementMap":{"0":{"start":{"line":3,"column":0},"end":{"line":3,"column":16}},"1":{"start":{"line":1,"column":0},"end":{"line":1,"column":44}},"2":{"start":{"line":4,"column":28},"end":{"line":12,"column":4}},"3":{"start":{"line":5,"column":4},"end":{"line":11,"column":5}},"4":{"start":{"line":6,"column":20},"end":{"line":6,"column":45}},"5":{"start":{"line":7,"column":6},"end":{"line":7,"column":54}},"6":{"start":{"line":9,"column":6},"end":{"line":9,"column":74}},"7":{"start":{"line":10,"column":6},"end":{"line":10,"column":26}},"8":{"start":{"line":14,"column":2},"end":{"line":20,"column":19}},"9":{"start":{"line":15,"column":4},"end":{"line":19,"column":5}},"10":{"start":{"line":16,"column":6},"end":{"line":16,"column":55}},"11":{"start":{"line":18,"column":6},"end":{"line":18,"column":66}},"12":{"start":{"line":22,"column":2},"end":{"line":22,"column":36}}},"fnMap":{"0":{"name":"usePersistedState","decl":{"start":{"line":3,"column":16},"end":{"line":3,"column":33}},"loc":{"start":{"line":3,"column":65},"end":{"line":23,"column":1}}},"1":{"name":"(anonymous_1)","decl":{"start":{"line":4,"column":40},"end":{"line":4,"column":43}},"loc":{"start":{"line":4,"column":45},"end":{"line":12,"column":3}}},"2":{"name":"(anonymous_2)","decl":{"start":{"line":14,"column":12},"end":{"line":14,"column":15}},"loc":{"start":{"line":14,"column":17},"end":{"line":20,"column":3}}}},"branchMap":{"0":{"loc":{"start":{"line":7,"column":13},"end":{"line":7,"column":53}},"type":"cond-expr","locations":[{"start":{"line":7,"column":21},"end":{"line":7,"column":38}},{"start":{"line":7,"column":41},"end":{"line":7,"column":53}}]}},"s":{"0":1,"1":1,"2":11,"3":7,"4":7,"5":7,"6":2,"7":2,"8":11,"9":11,"10":11,"11":4,"12":11},"f":{"0":11,"1":7,"2":11},"b":{"0":[5,2]}}
,"/Volumes/Disco Externo/NoSync/technical-tests/store-checkout/src/schemas/payment.schema.ts": {"path":"/Volumes/Disco Externo/NoSync/technical-tests/store-checkout/src/schemas/payment.schema.ts","statementMap":{"0":{"start":{"line":1,"column":0},"end":{"line":1,"column":24}},"1":{"start":{"line":2,"column":0},"end":{"line":2,"column":120}},"2":{"start":{"line":4,"column":13},"end":{"line":74,"column":3}},"3":{"start":{"line":7,"column":24},"end":{"line":7,"column":47}},"4":{"start":{"line":8,"column":21},"end":{"line":8,"column":96}},"5":{"start":{"line":11,"column":21},"end":{"line":11,"column":38}},"6":{"start":{"line":16,"column":8},"end":{"line":16,"column":73}},"7":{"start":{"line":16,"column":53},"end":{"line":16,"column":72}},"8":{"start":{"line":25,"column":21},"end":{"line":25,"column":58}},"9":{"start":{"line":33,"column":30},"end":{"line":33,"column":46}},"10":{"start":{"line":34,"column":28},"end":{"line":34,"column":38}},"11":{"start":{"line":35,"column":28},"end":{"line":35,"column":59}},"12":{"start":{"line":36,"column":29},"end":{"line":36,"column":55}},"13":{"start":{"line":38,"column":24},"end":{"line":38,"column":38}},"14":{"start":{"line":39,"column":25},"end":{"line":39,"column":40}},"15":{"start":{"line":41,"column":8},"end":{"line":44,"column":10}},"16":{"start":{"line":57,"column":21},"end":{"line":57,"column":58}}},"fnMap":{"0":{"name":"(anonymous_0)","decl":{"start":{"line":7,"column":15},"end":{"line":7,"column":16}},"loc":{"start":{"line":7,"column":24},"end":{"line":7,"column":47}}},"1":{"name":"(anonymous_1)","decl":{"start":{"line":8,"column":12},"end":{"line":8,"column":13}},"loc":{"start":{"line":8,"column":21},"end":{"line":8,"column":96}}},"2":{"name":"(anonymous_2)","decl":{"start":{"line":11,"column":12},"end":{"line":11,"column":13}},"loc":{"start":{"line":11,"column":21},"end":{"line":11,"column":38}}},"3":{"name":"(anonymous_3)","decl":{"start":{"line":15,"column":6},"end":{"line":15,"column":7}},"loc":{"start":{"line":16,"column":8},"end":{"line":16,"column":73}}},"4":{"name":"(anonymous_4)","decl":{"start":{"line":16,"column":42},"end":{"line":16,"column":49}},"loc":{"start":{"line":16,"column":53},"end":{"line":16,"column":72}}},"5":{"name":"(anonymous_5)","decl":{"start":{"line":25,"column":12},"end":{"line":25,"column":13}},"loc":{"start":{"line":25,"column":21},"end":{"line":25,"column":58}}},"6":{"name":"(anonymous_6)","decl":{"start":{"line":32,"column":6},"end":{"line":32,"column":7}},"loc":{"start":{"line":32,"column":16},"end":{"line":45,"column":7}}},"7":{"name":"(anonymous_7)","decl":{"start":{"line":57,"column":12},"end":{"line":57,"column":13}},"loc":{"start":{"line":57,"column":21},"end":{"line":57,"column":58}}}},"branchMap":{"0":{"loc":{"start":{"line":8,"column":21},"end":{"line":8,"column":96}},"type":"binary-expr","locations":[{"start":{"line":8,"column":21},"end":{"line":8,"column":54}},{"start":{"line":8,"column":58},"end":{"line":8,"column":96}}]},"1":{"loc":{"start":{"line":42,"column":10},"end":{"line":43,"column":63}},"type":"binary-expr","locations":[{"start":{"line":42,"column":10},"end":{"line":42,"column":31}},{"start":{"line":43,"column":11},"end":{"line":43,"column":34}},{"start":{"line":43,"column":38},"end":{"line":43,"column":62}}]}},"s":{"0":1,"1":1,"2":1,"3":2,"4":2,"5":2,"6":2,"7":10,"8":2,"9":2,"10":2,"11":2,"12":2,"13":2,"14":2,"15":2,"16":2},"f":{"0":2,"1":2,"2":2,"3":2,"4":10,"5":2,"6":2,"7":2},"b":{"0":[2,1],"1":[2,2,2]}}
,"/Volumes/Disco Externo/NoSync/technical-tests/store-checkout/src/utils/cardUtils.ts": {"path":"/Volumes/Disco Externo/NoSync/technical-tests/store-checkout/src/utils/cardUtils.ts","statementMap":{"0":{"start":{"line":35,"column":0},"end":{"line":35,"column":16}},"1":{"start":{"line":1,"column":0},"end":{"line":1,"column":52}},"2":{"start":{"line":2,"column":0},"end":{"line":2,"column":56}},"3":{"start":{"line":3,"column":0},"end":{"line":3,"column":52}},"4":{"start":{"line":4,"column":0},"end":{"line":4,"column":60}},"5":{"start":{"line":5,"column":0},"end":{"line":5,"column":56}},"6":{"start":{"line":6,"column":0},"end":{"line":6,"column":50}},"7":{"start":{"line":7,"column":0},"end":{"line":7,"column":60}},"8":{"start":{"line":8,"column":0},"end":{"line":8,"column":50}},"9":{"start":{"line":9,"column":0},"end":{"line":9,"column":58}},"10":{"start":{"line":11,"column":22},"end":{"line":21,"column":2}},"11":{"start":{"line":23,"column":13},"end":{"line":33,"column":2}},"12":{"start":{"line":36,"column":14},"end":{"line":36,"column":72}},"13":{"start":{"line":37,"column":2},"end":{"line":39,"column":3}},"14":{"start":{"line":38,"column":4},"end":{"line":38,"column":39}},"15":{"start":{"line":38,"column":27},"end":{"line":38,"column":39}},"16":{"start":{"line":40,"column":2},"end":{"line":40,"column":14}}},"fnMap":{"0":{"name":"detectCardType","decl":{"start":{"line":35,"column":16},"end":{"line":35,"column":30}},"loc":{"start":{"line":35,"column":63},"end":{"line":41,"column":1}}}},"branchMap":{"0":{"loc":{"start":{"line":36,"column":14},"end":{"line":36,"column":72}},"type":"cond-expr","locations":[{"start":{"line":36,"column":42},"end":{"line":36,"column":67}},{"start":{"line":36,"column":70},"end":{"line":36,"column":72}}]},"1":{"loc":{"start":{"line":38,"column":4},"end":{"line":38,"column":39}},"type":"if","locations":[{"start":{"line":38,"column":4},"end":{"line":38,"column":39}}]}},"s":{"0":2,"1":2,"2":2,"3":2,"4":2,"5":2,"6":2,"7":2,"8":2,"9":2,"10":2,"11":2,"12":35,"13":35,"14":216,"15":27,"16":8},"f":{"0":35},"b":{"0":[33,2],"1":[27]}}
,"/Volumes/Disco Externo/NoSync/technical-tests/store-checkout/src/utils/utils.ts": {"path":"/Volumes/Disco Externo/NoSync/technical-tests/store-checkout/src/utils/utils.ts","statementMap":{"0":{"start":{"line":4,"column":0},"end":{"line":4,"column":16}},"1":{"start":{"line":1,"column":0},"end":{"line":1,"column":41}},"2":{"start":{"line":2,"column":0},"end":{"line":2,"column":45}},"3":{"start":{"line":5,"column":2},"end":{"line":5,"column":null}}},"fnMap":{"0":{"name":"cn","decl":{"start":{"line":4,"column":16},"end":{"line":4,"column":18}},"loc":{"start":{"line":4,"column":42},"end":{"line":6,"column":1}}}},"branchMap":{},"s":{"0":1,"1":1,"2":1,"3":8},"f":{"0":8},"b":{}}
}
