TN:
SF:src/components/forms/payment/CVVField.tsx
FN:12,(anonymous_0)
FN:14,(anonymous_1)
FN:41,(anonymous_2)
FN:42,(anonymous_3)
FNF:4
FNH:4
FNDA:4,(anonymous_0)
FNDA:5,(anonymous_1)
FNDA:1,(anonymous_2)
FNDA:1,(anonymous_3)
DA:1,1
DA:12,4
DA:14,1
DA:21,5
DA:22,5
DA:24,5
DA:41,1
DA:42,1
DA:52,1
LF:9
LH:9
BRDA:22,0,0,1
BRDA:22,0,1,4
BRDA:22,1,0,4
BRDA:22,1,1,3
BRDA:35,2,0,1
BRDA:35,2,1,4
BRDA:47,3,0,5
BRDA:47,3,1,1
BRF:8
BRH:8
end_of_record
TN:
SF:src/components/forms/payment/CardNameField.tsx
FN:12,(anonymous_0)
FNF:1
FNH:1
FNDA:3,(anonymous_0)
DA:12,1
DA:17,3
DA:38,1
LF:3
LH:3
BRDA:26,0,0,1
BRDA:26,0,1,2
BRDA:33,1,0,3
BRDA:33,1,1,1
BRF:4
BRH:4
end_of_record
TN:
SF:src/components/forms/payment/CardNumberField.tsx
FN:18,(anonymous_1)
FN:22,(anonymous_2)
FN:32,(anonymous_3)
FN:34,(anonymous_4)
FN:63,(anonymous_5)
FN:64,(anonymous_6)
FN:75,(anonymous_7)
FNF:7
FNH:7
FNDA:8,(anonymous_1)
FNDA:9,(anonymous_2)
FNDA:8,(anonymous_3)
FNDA:1,(anonymous_4)
FNDA:1,(anonymous_5)
FNDA:1,(anonymous_6)
FNDA:1,(anonymous_7)
DA:1,1
DA:5,1
DA:6,1
DA:18,1
DA:19,8
DA:22,1
DA:30,9
DA:32,9
DA:34,9
DA:35,1
DA:36,1
DA:37,1
DA:38,1
DA:39,1
DA:42,9
DA:43,9
DA:45,9
DA:63,1
DA:64,1
DA:75,1
DA:84,1
LF:21
LH:21
BRDA:36,0,0,0
BRDA:36,0,1,1
BRDA:37,1,0,0
BRDA:42,2,0,9
BRDA:42,2,1,4
BRDA:43,3,0,1
BRDA:43,3,1,8
BRDA:57,4,0,1
BRDA:57,4,1,8
BRDA:68,5,0,9
BRDA:68,5,1,4
BRDA:70,6,0,4
BRDA:70,6,1,1
BRDA:79,7,0,9
BRDA:79,7,1,1
BRF:15
BRH:13
end_of_record
TN:
SF:src/components/forms/payment/ExpiryDateField.tsx
FN:15,(anonymous_0)
FN:17,(anonymous_1)
FN:27,(anonymous_2)
FN:53,(anonymous_3)
FN:54,(anonymous_4)
FNF:5
FNH:5
FNDA:5,(anonymous_0)
FNDA:7,(anonymous_1)
FNDA:1,(anonymous_2)
FNDA:2,(anonymous_3)
FNDA:1,(anonymous_4)
DA:1,1
DA:15,5
DA:17,1
DA:25,7
DA:27,7
DA:28,1
DA:29,1
DA:30,1
DA:31,1
DA:34,7
DA:35,7
DA:37,7
DA:53,2
DA:54,1
DA:64,1
LF:15
LH:15
BRDA:29,0,0,0
BRDA:34,1,0,7
BRDA:34,1,1,4
BRDA:35,2,0,2
BRDA:35,2,1,5
BRDA:47,3,0,1
BRDA:47,3,1,6
BRDA:59,4,0,7
BRDA:59,4,1,1
BRF:9
BRH:8
end_of_record
TN:
SF:src/constants/payment.constants.ts
FNF:0
FNH:0
DA:1,1
DA:2,1
DA:3,1
DA:4,1
DA:6,1
DA:12,1
LF:6
LH:6
BRF:0
BRH:0
end_of_record
TN:
SF:src/features/payment/paymentSlice.ts
FN:15,(anonymous_0)
FN:18,(anonymous_1)
FNF:2
FNH:2
FNDA:2,(anonymous_0)
FNDA:1,(anonymous_1)
DA:1,1
DA:7,1
DA:11,1
DA:16,2
DA:19,1
DA:24,1
DA:25,1
LF:7
LH:7
BRF:0
BRH:0
end_of_record
TN:
SF:src/features/product/productSlice.ts
FN:21,(anonymous_0)
FN:24,(anonymous_1)
FN:25,(anonymous_2)
FN:30,(anonymous_3)
FN:31,(anonymous_4)
FN:33,(anonymous_5)
FN:36,(anonymous_6)
FN:39,(anonymous_7)
FN:42,(anonymous_8)
FN:44,(anonymous_9)
FNF:10
FNH:10
FNDA:1,(anonymous_0)
FNDA:2,(anonymous_1)
FNDA:2,(anonymous_2)
FNDA:1,(anonymous_3)
FNDA:1,(anonymous_4)
FNDA:1,(anonymous_5)
FNDA:1,(anonymous_6)
FNDA:1,(anonymous_7)
FNDA:2,(anonymous_8)
FNDA:2,(anonymous_9)
DA:1,1
DA:11,1
DA:17,1
DA:22,1
DA:25,2
DA:26,2
DA:27,1
DA:31,1
DA:34,1
DA:37,1
DA:40,1
DA:43,2
DA:44,2
DA:45,2
DA:46,2
DA:52,1
DA:54,1
LF:17
LH:17
BRDA:26,0,0,1
BRDA:45,1,0,2
BRF:2
BRH:2
end_of_record
TN:
SF:src/features/transaction/transactionSlice.ts
FN:35,(anonymous_0)
FN:45,(anonymous_1)
FN:46,(anonymous_2)
FN:52,(anonymous_3)
FN:53,(anonymous_4)
FN:55,(anonymous_5)
FN:58,(anonymous_6)
FN:61,(anonymous_7)
FN:64,(anonymous_8)
FN:67,(anonymous_9)
FN:70,(anonymous_10)
FNF:11
FNH:11
FNDA:1,(anonymous_0)
FNDA:1,(anonymous_1)
FNDA:1,(anonymous_2)
FNDA:2,(anonymous_3)
FNDA:2,(anonymous_4)
FNDA:1,(anonymous_5)
FNDA:1,(anonymous_6)
FNDA:1,(anonymous_7)
FNDA:1,(anonymous_8)
FNDA:1,(anonymous_9)
FNDA:1,(anonymous_10)
DA:1,3
DA:22,3
DA:31,3
DA:36,1
DA:42,1
DA:43,1
DA:46,1
DA:47,1
DA:48,1
DA:49,1
DA:53,2
DA:56,1
DA:59,1
DA:62,1
DA:65,1
DA:68,1
DA:71,1
DA:76,3
DA:88,3
LF:19
LH:19
BRDA:47,0,0,1
BRDA:53,1,0,2
BRDA:53,1,1,1
BRF:3
BRH:3
end_of_record
TN:
SF:src/hooks/useBackdropFlow.ts
FN:9,useBackdropFlow
FN:11,(anonymous_1)
FN:19,(anonymous_2)
FN:23,(anonymous_3)
FN:27,(anonymous_4)
FN:30,(anonymous_5)
FN:34,(anonymous_6)
FN:35,(anonymous_7)
FN:40,(anonymous_8)
FN:47,(anonymous_9)
FN:49,(anonymous_10)
FN:51,(anonymous_11)
FN:54,(anonymous_12)
FN:55,(anonymous_13)
FN:57,(anonymous_14)
FN:62,(anonymous_15)
FNF:16
FNH:13
FNDA:25,useBackdropFlow
FNDA:0,(anonymous_1)
FNDA:10,(anonymous_2)
FNDA:1,(anonymous_3)
FNDA:0,(anonymous_4)
FNDA:0,(anonymous_5)
FNDA:1,(anonymous_6)
FNDA:1,(anonymous_7)
FNDA:1,(anonymous_8)
FNDA:1,(anonymous_9)
FNDA:1,(anonymous_10)
FNDA:1,(anonymous_11)
FNDA:1,(anonymous_12)
FNDA:1,(anonymous_13)
FNDA:1,(anonymous_14)
FNDA:1,(anonymous_15)
DA:1,1
DA:3,1
DA:7,1
DA:9,1
DA:10,25
DA:11,25
DA:12,25
DA:13,25
DA:14,25
DA:15,25
DA:16,25
DA:17,25
DA:19,25
DA:20,10
DA:21,2
DA:22,2
DA:23,2
DA:24,8
DA:25,1
DA:26,1
DA:27,1
DA:29,7
DA:30,7
DA:34,25
DA:35,1
DA:36,1
DA:37,1
DA:38,1
DA:39,1
DA:40,1
DA:41,1
DA:42,1
DA:43,1
DA:47,25
DA:48,1
DA:49,1
DA:51,25
DA:52,1
DA:54,25
DA:55,25
DA:57,25
DA:58,1
DA:59,1
DA:60,1
DA:61,1
DA:62,1
DA:65,25
LF:47
LH:47
BRDA:20,0,0,2
BRDA:20,0,1,8
BRDA:20,1,0,10
BRDA:20,1,1,9
BRDA:20,1,2,9
BRDA:24,2,0,1
BRDA:24,2,1,7
BRF:7
BRH:7
end_of_record
TN:
SF:src/hooks/useBackdropTransition.ts
FN:11,useBackdropTransition
FN:15,(anonymous_1)
FN:17,(anonymous_2)
FN:21,(anonymous_3)
FN:25,(anonymous_4)
FN:30,(anonymous_5)
FN:35,(anonymous_6)
FNF:7
FNH:7
FNDA:9,useBackdropTransition
FNDA:9,(anonymous_1)
FNDA:3,(anonymous_2)
FNDA:3,(anonymous_3)
FNDA:1,(anonymous_4)
FNDA:1,(anonymous_5)
FNDA:1,(anonymous_6)
DA:1,1
DA:2,1
DA:3,1
DA:11,1
DA:12,9
DA:13,9
DA:15,9
DA:16,9
DA:17,3
DA:18,3
DA:19,3
DA:21,3
DA:25,9
DA:26,1
DA:27,1
DA:30,9
DA:31,1
DA:32,1
DA:35,9
DA:36,1
DA:37,1
DA:40,9
LF:22
LH:22
BRDA:16,0,0,3
BRF:1
BRH:1
end_of_record
TN:
SF:src/hooks/usePaymentForm.ts
FN:17,(anonymous_0)
FN:31,(anonymous_1)
FN:48,(anonymous_2)
FNF:3
FNH:3
FNDA:38,(anonymous_0)
FNDA:7,(anonymous_1)
FNDA:7,(anonymous_2)
DA:1,1
DA:2,1
DA:3,1
DA:5,1
DA:17,1
DA:25,38
DA:31,38
DA:32,7
DA:33,7
DA:34,7
DA:35,7
DA:37,7
DA:38,12
DA:41,7
DA:42,4
DA:44,3
DA:48,38
DA:49,7
DA:50,7
DA:51,4
DA:53,3
DA:56,38
LF:22
LH:22
BRDA:34,0,0,7
BRDA:34,0,1,4
BRDA:34,0,2,3
BRDA:41,1,0,4
BRDA:41,1,1,3
BRDA:50,2,0,4
BRF:6
BRH:6
end_of_record
TN:
SF:src/hooks/usePersistedState.ts
FN:3,usePersistedState
FN:4,(anonymous_1)
FN:14,(anonymous_2)
FNF:3
FNH:3
FNDA:11,usePersistedState
FNDA:7,(anonymous_1)
FNDA:11,(anonymous_2)
DA:1,1
DA:3,1
DA:4,11
DA:5,7
DA:6,7
DA:7,7
DA:9,2
DA:10,2
DA:14,11
DA:15,11
DA:16,11
DA:18,4
DA:22,11
LF:13
LH:13
BRDA:7,0,0,5
BRDA:7,0,1,2
BRF:2
BRH:2
end_of_record
TN:
SF:src/schemas/payment.schema.ts
FN:7,(anonymous_0)
FN:8,(anonymous_1)
FN:11,(anonymous_2)
FN:15,(anonymous_3)
FN:16,(anonymous_4)
FN:25,(anonymous_5)
FN:32,(anonymous_6)
FN:57,(anonymous_7)
FNF:8
FNH:8
FNDA:2,(anonymous_0)
FNDA:2,(anonymous_1)
FNDA:2,(anonymous_2)
FNDA:2,(anonymous_3)
FNDA:10,(anonymous_4)
FNDA:2,(anonymous_5)
FNDA:2,(anonymous_6)
FNDA:2,(anonymous_7)
DA:1,1
DA:2,1
DA:4,1
DA:7,2
DA:8,2
DA:11,2
DA:16,10
DA:25,2
DA:33,2
DA:34,2
DA:35,2
DA:36,2
DA:38,2
DA:39,2
DA:41,2
DA:57,2
LF:16
LH:16
BRDA:8,0,0,2
BRDA:8,0,1,1
BRDA:42,1,0,2
BRDA:42,1,1,2
BRDA:42,1,2,2
BRF:5
BRH:5
end_of_record
TN:
SF:src/utils/cardUtils.ts
FN:35,detectCardType
FNF:1
FNH:1
FNDA:35,detectCardType
DA:1,2
DA:2,2
DA:3,2
DA:4,2
DA:5,2
DA:6,2
DA:7,2
DA:8,2
DA:9,2
DA:11,2
DA:23,2
DA:35,2
DA:36,35
DA:37,35
DA:38,216
DA:40,8
LF:16
LH:16
BRDA:36,0,0,33
BRDA:36,0,1,2
BRDA:38,1,0,27
BRF:3
BRH:3
end_of_record
TN:
SF:src/utils/utils.ts
FN:4,cn
FNF:1
FNH:1
FNDA:8,cn
DA:1,1
DA:2,1
DA:4,1
DA:5,8
LF:4
LH:4
BRF:0
BRH:0
end_of_record
